[debug] [2024-08-20T10:02:08.470Z] ----------------------------------------------------------------------
[debug] [2024-08-20T10:02:08.472Z] Command:       /Users/mac/.nvm/versions/node/v18.17.1/bin/node /Users/mac/.nvm/versions/node/v18.17.1/bin/firebase init
[debug] [2024-08-20T10:02:08.472Z] CLI Version:   13.15.0
[debug] [2024-08-20T10:02:08.472Z] Platform:      darwin
[debug] [2024-08-20T10:02:08.472Z] Node Version:  v18.17.1
[debug] [2024-08-20T10:02:08.473Z] Time:          Tue Aug 20 2024 15:32:08 GMT+0530 (India Standard Time)
[debug] [2024-08-20T10:02:08.473Z] ----------------------------------------------------------------------
[debug] 
[debug] [2024-08-20T10:02:08.531Z] > command requires scopes: ["email","openid","https://www.googleapis.com/auth/cloudplatformprojects.readonly","https://www.googleapis.com/auth/firebase","https://www.googleapis.com/auth/cloud-platform"]
[debug] [2024-08-20T10:02:08.532Z] > authorizing via signed-in user (ykaushik@innow8apps.com)
[info] 
     ######## #### ########  ######## ########     ###     ######  ########
     ##        ##  ##     ## ##       ##     ##  ##   ##  ##       ##
     ######    ##  ########  ######   ########  #########  ######  ######
     ##        ##  ##    ##  ##       ##     ## ##     ##       ## ##
     ##       #### ##     ## ######## ########  ##     ##  ######  ########

You're about to initialize a Firebase project in this directory:

  /Users/mac/Documents/GitHub/next-unicorn

Before we get started, keep in mind:

  * You are initializing within an existing Firebase project directory

[info] 
=== Project Setup
[info] 
[info] First, let's associate this project directory with a Firebase project.
[info] You can create multiple project aliases by running firebase use --add, 
[info] but for now we'll just set up a default project.
[info] 
[debug] [2024-08-20T10:02:21.970Z] Using project from CLI flag: next-unicorn-170a8
[debug] [2024-08-20T10:02:21.972Z] >>> [apiv2][query] GET https://firebase.googleapis.com/v1beta1/projects/next-unicorn-170a8 [none]
[debug] [2024-08-20T10:02:22.676Z] <<< [apiv2][status] GET https://firebase.googleapis.com/v1beta1/projects/next-unicorn-170a8 403
[debug] [2024-08-20T10:02:22.677Z] <<< [apiv2][body] GET https://firebase.googleapis.com/v1beta1/projects/next-unicorn-170a8 {"error":{"code":403,"message":"The caller does not have permission","status":"PERMISSION_DENIED"}}
[debug] [2024-08-20T10:02:22.677Z] HTTP Error: 403, The caller does not have permission
[debug] [2024-08-20T10:02:22.956Z] FirebaseError: HTTP Error: 403, The caller does not have permission
    at responseToError (/Users/mac/.nvm/versions/node/v18.17.1/lib/node_modules/firebase-tools/lib/responseToError.js:49:12)
    at RetryOperation._fn (/Users/mac/.nvm/versions/node/v18.17.1/lib/node_modules/firebase-tools/lib/apiv2.js:305:77)
    at process.processTicksAndRejections (node:internal/process/task_queues:95:5)
[error] 
[error] Error: Failed to get Firebase project next-unicorn-170a8. Please make sure the project exists and your account has permission to access it.
